#
# There is insufficient memory for the Java Runtime Environment to continue.
# Native memory allocation (malloc) failed to allocate 146276352 bytes for committing reserved memory.
# Possible reasons:
#   The system is out of physical RAM or swap space
#   In 32 bit mode, the process size limit was hit
# Possible solutions:
#   Reduce memory load on the system
#   Increase physical memory or swap space
#   Check if swap backing store is full
#   Use 64 bit Java on a 64 bit OS
#   Decrease Java heap size (-Xmx/-Xms)
#   Decrease number of Java threads
#   Decrease Java thread stack sizes (-Xss)
#   Set larger code cache with -XX:ReservedCodeCacheSize=
# This output file may be truncated or incomplete.
#
#  Out of Memory Error (os_linux.cpp:2761), pid=21668, tid=140417868736256
#
# JRE version: OpenJDK Runtime Environment (7.0_51) (build 1.7.0_51-b00)
# Java VM: OpenJDK 64-Bit Server VM (24.45-b08 mixed mode linux-amd64 compressed oops)
# Failed to write core dump. Core dumps have been disabled. To enable core dumping, try "ulimit -c unlimited" before starting Java again
#

---------------  T H R E A D  ---------------

Current thread (0x00007fb59c06f000):  VMThread [stack: 0x00007fb5951fa000,0x00007fb5952fb000] [id=21673]

Stack: [0x00007fb5951fa000,0x00007fb5952fb000],  sp=0x00007fb5952f94c0,  free space=1021k
Native frames: (J=compiled Java code, j=interpreted, Vv=VM code, C=native code)
V  [libjvm.so+0x917e69]  JVM_handle_linux_signal+0x1778f9
V  [libjvm.so+0x467d44]  dlerror+0x467d44
V  [libjvm.so+0x79a983]  JVM_FindSignal+0x18cf13
V  [libjvm.so+0x79534f]  JVM_FindSignal+0x1878df
V  [libjvm.so+0x80562b]  JVM_handle_linux_signal+0x650bb
V  [libjvm.so+0x7f540b]  JVM_handle_linux_signal+0x54e9b
V  [libjvm.so+0x7f55cb]  JVM_handle_linux_signal+0x5505b
V  [libjvm.so+0x7f64f8]  JVM_handle_linux_signal+0x55f88
V  [libjvm.so+0x7fd543]  JVM_handle_linux_signal+0x5cfd3
V  [libjvm.so+0x80376d]  JVM_handle_linux_signal+0x631fd
V  [libjvm.so+0x7b9d13]  JVM_handle_linux_signal+0x197a3
V  [libjvm.so+0x919884]  JVM_handle_linux_signal+0x179314
V  [libjvm.so+0x91ded7]  JVM_handle_linux_signal+0x17d967
V  [libjvm.so+0x91c8a8]  JVM_handle_linux_signal+0x17c338
V  [libjvm.so+0x91cd09]  JVM_handle_linux_signal+0x17c799
V  [libjvm.so+0x91d152]  JVM_handle_linux_signal+0x17cbe2
V  [libjvm.so+0x7976b2]  JVM_FindSignal+0x189c42

VM_Operation (0x00007fb5a28bd720): ParallelGCFailedAllocation, mode: safepoint, requested by thread 0x00007fb59c008800


---------------  P R O C E S S  ---------------

Java Threads: ( => current thread )
  0x00007fb59c09f800 JavaThread "Service Thread" daemon [_thread_blocked, id=21679, stack(0x00007fb594b81000,0x00007fb594c82000)]
  0x00007fb59c09d000 JavaThread "C2 CompilerThread1" daemon [_thread_blocked, id=21678, stack(0x00007fb594c82000,0x00007fb594d83000)]
  0x00007fb59c09a800 JavaThread "C2 CompilerThread0" daemon [_thread_blocked, id=21677, stack(0x00007fb594d83000,0x00007fb594e84000)]
  0x00007fb59c098000 JavaThread "Signal Dispatcher" daemon [_thread_blocked, id=21676, stack(0x00007fb594e84000,0x00007fb594f85000)]
  0x00007fb59c075800 JavaThread "Finalizer" daemon [_thread_blocked, id=21675, stack(0x00007fb594ff8000,0x00007fb5950f9000)]
  0x00007fb59c073800 JavaThread "Reference Handler" daemon [_thread_blocked, id=21674, stack(0x00007fb5950f9000,0x00007fb5951fa000)]
  0x00007fb59c008800 JavaThread "main" [_thread_blocked, id=21669, stack(0x00007fb5a27be000,0x00007fb5a28bf000)]

Other Threads:
=>0x00007fb59c06f000 VMThread [stack: 0x00007fb5951fa000,0x00007fb5952fb000] [id=21673]
  0x00007fb59c0aa000 WatcherThread [stack: 0x00007fb594a80000,0x00007fb594b81000] [id=21680]

VM state:at safepoint (normal execution)

VM Mutex/Monitor currently owned by a thread:  ([mutex/lock_event])
[0x00007fb59c005a20] ExpandHeap_lock - owner thread: 0x00007fb59c06f000
[0x00007fb59c0060a0] Threads_lock - owner thread: 0x00007fb59c06f000
[0x00007fb59c0065a0] Heap_lock - owner thread: 0x00007fb59c008800

Heap
 PSYoungGen      total 219136K, used 104416K [0x00000000ebf00000, 0x0000000100000000, 0x0000000100000000)
  eden space 109568K, 0% used [0x00000000ebf00000,0x00000000ebf00000,0x00000000f2a00000)
  from space 109568K, 95% used [0x00000000f2a00000,0x00000000f8ff8000,0x00000000f9500000)
  to   space 109568K, 0% used [0x00000000f9500000,0x00000000f9500000,0x0000000100000000)
 ParOldGen       total 513536K, used 513111K [0x00000000c3e00000, 0x00000000e3380000, 0x00000000ebf00000)
  object space 513536K, 99% used [0x00000000c3e00000,0x00000000e3315f08,0x00000000e3380000)
 PSPermGen       total 21504K, used 2750K [0x00000000b9800000, 0x00000000bad00000, 0x00000000c3e00000)
  object space 21504K, 12% used [0x00000000b9800000,0x00000000b9aaf858,0x00000000bad00000)

Card table byte_map: [0x00007fb59878a000,0x00007fb5989bf000] byte_map_base: 0x00007fb5981be000

Polling page: 0x00007fb5a28d7000

Code Cache  [0x00007fb5989bf000, 0x00007fb598c2f000, 0x00007fb59b9bf000)
 total_blobs=165 nmethods=0 adapters=135 free_code_cache=48774Kb largest_free_block=49945472

Compilation events (0 events):
No events

GC Heap History (10 events):
Event: 0,682 GC heap after
Heap after GC invocations=13 (full 5):
 PSYoungGen      total 194560K, used 84704K [0x00000000ebf00000, 0x00000000ff880000, 0x0000000100000000)
  eden space 93696K, 0% used [0x00000000ebf00000,0x00000000ebf00000,0x00000000f1a80000)
  from space 100864K, 83% used [0x00000000f8580000,0x00000000fd838000,0x00000000fe800000)
  to   space 109568K, 0% used [0x00000000f1a80000,0x00000000f1a80000,0x00000000f8580000)
 ParOldGen       total 359424K, used 237923K [0x00000000c3e00000, 0x00000000d9d00000, 0x00000000ebf00000)
  object space 359424K, 66% used [0x00000000c3e00000,0x00000000d2658cb8,0x00000000d9d00000)
 PSPermGen       total 21504K, used 2750K [0x00000000b9800000, 0x00000000bad00000, 0x00000000c3e00000)
  object space 21504K, 12% used [0x00000000b9800000,0x00000000b9aaf858,0x00000000bad00000)
}
Event: 0,706 GC heap before
{Heap before GC invocations=14 (full 5):
 PSYoungGen      total 194560K, used 178400K [0x00000000ebf00000, 0x00000000ff880000, 0x0000000100000000)
  eden space 93696K, 100% used [0x00000000ebf00000,0x00000000f1a80000,0x00000000f1a80000)
  from space 100864K, 83% used [0x00000000f8580000,0x00000000fd838000,0x00000000fe800000)
  to   space 109568K, 0% used [0x00000000f1a80000,0x00000000f1a80000,0x00000000f8580000)
 ParOldGen       total 359424K, used 237923K [0x00000000c3e00000, 0x00000000d9d00000, 0x00000000ebf00000)
  object space 359424K, 66% used [0x00000000c3e00000,0x00000000d2658cb8,0x00000000d9d00000)
 PSPermGen       total 21504K, used 2750K [0x00000000b9800000, 0x00000000bad00000, 0x00000000c3e00000)
  object space 21504K, 12% used [0x00000000b9800000,0x00000000b9aaf858,0x00000000bad00000)
Event: 5,404 GC heap after
Heap after GC invocations=14 (full 5):
 PSYoungGen      total 203264K, used 109542K [0x00000000ebf00000, 0x0000000100000000, 0x0000000100000000)
  eden space 93696K, 0% used [0x00000000ebf00000,0x00000000ebf00000,0x00000000f1a80000)
  from space 109568K, 99% used [0x00000000f1a80000,0x00000000f8579a90,0x00000000f8580000)
  to   space 109568K, 0% used [0x00000000f9500000,0x00000000f9500000,0x0000000100000000)
 ParOldGen       total 359424K, used 308515K [0x00000000c3e00000, 0x00000000d9d00000, 0x00000000ebf00000)
  object space 359424K, 85% used [0x00000000c3e00000,0x00000000d6b48cb8,0x00000000d9d00000)
 PSPermGen       total 21504K, used 2750K [0x00000000b9800000, 0x00000000bad00000, 0x00000000c3e00000)
  object space 21504K, 12% used [0x00000000b9800000,0x00000000b9aaf858,0x00000000bad00000)
}
Event: 5,404 GC heap before
{Heap before GC invocations=15 (full 6):
 PSYoungGen      total 203264K, used 109542K [0x00000000ebf00000, 0x0000000100000000, 0x0000000100000000)
  eden space 93696K, 0% used [0x00000000ebf00000,0x00000000ebf00000,0x00000000f1a80000)
  from space 109568K, 99% used [0x00000000f1a80000,0x00000000f8579a90,0x00000000f8580000)
  to   space 109568K, 0% used [0x00000000f9500000,0x00000000f9500000,0x0000000100000000)
 ParOldGen       total 359424K, used 308515K [0x00000000c3e00000, 0x00000000d9d00000, 0x00000000ebf00000)
  object space 359424K, 85% used [0x00000000c3e00000,0x00000000d6b48cb8,0x00000000d9d00000)
 PSPermGen       total 21504K, used 2750K [0x00000000b9800000, 0x00000000bad00000, 0x00000000c3e00000)
  object space 21504K, 12% used [0x00000000b9800000,0x00000000b9aaf858,0x00000000bad00000)
Event: 5,757 GC heap after
Heap after GC invocations=15 (full 6):
 PSYoungGen      total 203264K, used 55192K [0x00000000ebf00000, 0x0000000100000000, 0x0000000100000000)
  eden space 93696K, 0% used [0x00000000ebf00000,0x00000000ebf00000,0x00000000f1a80000)
  from space 109568K, 50% used [0x00000000f1a80000,0x00000000f5066230,0x00000000f8580000)
  to   space 109568K, 0% used [0x00000000f9500000,0x00000000f9500000,0x0000000100000000)
 ParOldGen       total 499712K, used 359350K [0x00000000c3e00000, 0x00000000e2600000, 0x00000000ebf00000)
  object space 499712K, 71% used [0x00000000c3e00000,0x00000000d9cedae8,0x00000000e2600000)
 PSPermGen       total 21504K, used 2750K [0x00000000b9800000, 0x00000000bad00000, 0x00000000c3e00000)
  object space 21504K, 12% used [0x00000000b9800000,0x00000000b9aaf858,0x00000000bad00000)
}
Event: 5,779 GC heap before
{Heap before GC invocations=16 (full 6):
 PSYoungGen      total 203264K, used 148888K [0x00000000ebf00000, 0x0000000100000000, 0x0000000100000000)
  eden space 93696K, 100% used [0x00000000ebf00000,0x00000000f1a80000,0x00000000f1a80000)
  from space 109568K, 50% used [0x00000000f1a80000,0x00000000f5066230,0x00000000f8580000)
  to   space 109568K, 0% used [0x00000000f9500000,0x00000000f9500000,0x0000000100000000)
 ParOldGen       total 499712K, used 359350K [0x00000000c3e00000, 0x00000000e2600000, 0x00000000ebf00000)
  object space 499712K, 71% used [0x00000000c3e00000,0x00000000d9cedae8,0x00000000e2600000)
 PSPermGen       total 21504K, used 2750K [0x00000000b9800000, 0x00000000bad00000, 0x00000000c3e00000)
  object space 21504K, 12% used [0x00000000b9800000,0x00000000b9aaf858,0x00000000bad00000)
Event: 5,854 GC heap after
Heap after GC invocations=16 (full 6):
 PSYoungGen      total 219136K, used 109568K [0x00000000ebf00000, 0x0000000100000000, 0x0000000100000000)
  eden space 109568K, 0% used [0x00000000ebf00000,0x00000000ebf00000,0x00000000f2a00000)
  from space 109568K, 100% used [0x00000000f9500000,0x0000000100000000,0x0000000100000000)
  to   space 109568K, 0% used [0x00000000f2a00000,0x00000000f2a00000,0x00000000f9500000)
 ParOldGen       total 499712K, used 401526K [0x00000000c3e00000, 0x00000000e2600000, 0x00000000ebf00000)
  object space 499712K, 80% used [0x00000000c3e00000,0x00000000dc61dae8,0x00000000e2600000)
 PSPermGen       total 21504K, used 2750K [0x00000000b9800000, 0x00000000bad00000, 0x00000000c3e00000)
  object space 21504K, 12% used [0x00000000b9800000,0x00000000b9aaf858,0x00000000bad00000)
}
Event: 5,880 GC heap before
{Heap before GC invocations=17 (full 6):
 PSYoungGen      total 219136K, used 219136K [0x00000000ebf00000, 0x0000000100000000, 0x0000000100000000)
  eden space 109568K, 100% used [0x00000000ebf00000,0x00000000f2a00000,0x00000000f2a00000)
  from space 109568K, 100% used [0x00000000f9500000,0x0000000100000000,0x0000000100000000)
  to   space 109568K, 0% used [0x00000000f2a00000,0x00000000f2a00000,0x00000000f9500000)
 ParOldGen       total 499712K, used 401526K [0x00000000c3e00000, 0x00000000e2600000, 0x00000000ebf00000)
  object space 499712K, 80% used [0x00000000c3e00000,0x00000000dc61dae8,0x00000000e2600000)
 PSPermGen       total 21504K, used 2750K [0x00000000b9800000, 0x00000000bad00000, 0x00000000c3e00000)
  object space 21504K, 12% used [0x00000000b9800000,0x00000000b9aaf858,0x00000000bad00000)
Event: 5,975 GC heap after
Heap after GC invocations=17 (full 6):
 PSYoungGen      total 219136K, used 109568K [0x00000000ebf00000, 0x0000000100000000, 0x0000000100000000)
  eden space 109568K, 0% used [0x00000000ebf00000,0x00000000ebf00000,0x00000000f2a00000)
  from space 109568K, 100% used [0x00000000f2a00000,0x00000000f9500000,0x00000000f9500000)
  to   space 109568K, 0% used [0x00000000f9500000,0x00000000f9500000,0x0000000100000000)
 ParOldGen       total 513536K, used 513110K [0x00000000c3e00000, 0x00000000e3380000, 0x00000000ebf00000)
  object space 513536K, 99% used [0x00000000c3e00000,0x00000000e3315ae8,0x00000000e3380000)
 PSPermGen       total 21504K, used 2750K [0x00000000b9800000, 0x00000000bad00000, 0x00000000c3e00000)
  object space 21504K, 12% used [0x00000000b9800000,0x00000000b9aaf858,0x00000000bad00000)
}
Event: 5,975 GC heap before
{Heap before GC invocations=18 (full 7):
 PSYoungGen      total 219136K, used 109568K [0x00000000ebf00000, 0x0000000100000000, 0x0000000100000000)
  eden space 109568K, 0% used [0x00000000ebf00000,0x00000000ebf00000,0x00000000f2a00000)
  from space 109568K, 100% used [0x00000000f2a00000,0x00000000f9500000,0x00000000f9500000)
  to   space 109568K, 0% used [0x00000000f9500000,0x00000000f9500000,0x0000000100000000)
 ParOldGen       total 513536K, used 513110K [0x00000000c3e00000, 0x00000000e3380000, 0x00000000ebf00000)
  object space 513536K, 99% used [0x00000000c3e00000,0x00000000e3315ae8,0x00000000e3380000)
 PSPermGen       total 21504K, used 2750K [0x00000000b9800000, 0x00000000bad00000, 0x00000000c3e00000)
  object space 21504K, 12% used [0x00000000b9800000,0x00000000b9aaf858,0x00000000bad00000)

Deoptimization events (0 events):
No events

Internal exceptions (2 events):
Event: 0,045 Thread 0x00007fb59c008800 Threw 0x00000000ebf10268 at /build/java7-openjdk/src/icedtea-2.4.4/openjdk/hotspot/src/share/vm/prims/jni.cpp:3991
Event: 0,105 Thread 0x00007fb59c008800 Threw 0x00000000ebf4ac18 at /build/java7-openjdk/src/icedtea-2.4.4/openjdk/hotspot/src/share/vm/prims/jvm.cpp:1244

Events (10 events):
Event: 0,369 Executing VM operation: ParallelGCFailedAllocation done
Event: 0,389 Executing VM operation: ParallelGCFailedAllocation
Event: 0,588 Executing VM operation: ParallelGCFailedAllocation done
Event: 0,603 Executing VM operation: ParallelGCFailedAllocation
Event: 0,682 Executing VM operation: ParallelGCFailedAllocation done
Event: 0,706 Executing VM operation: ParallelGCFailedAllocation
Event: 5,757 Executing VM operation: ParallelGCFailedAllocation done
Event: 5,779 Executing VM operation: ParallelGCFailedAllocation
Event: 5,854 Executing VM operation: ParallelGCFailedAllocation done
Event: 5,880 Executing VM operation: ParallelGCFailedAllocation


Dynamic libraries:
00400000-00401000 r-xp 00000000 08:05 13249710                           /usr/lib/jvm/java-7-openjdk/jre/bin/java
00600000-00601000 rw-p 00000000 08:05 13249710                           /usr/lib/jvm/java-7-openjdk/jre/bin/java
01f60000-01f81000 rw-p 00000000 00:00 0                                  [heap]
b9800000-bad00000 rw-p 00000000 00:00 0 
bad00000-c3e00000 rw-p 00000000 00:00 0 
c3e00000-c6600000 rw-p 00000000 00:00 0 
c6600000-c7e00000 rw-p 00000000 00:00 0 
c7e00000-cb200000 rw-p 00000000 00:00 0 
cb200000-cdd80000 rw-p 00000000 00:00 0 
cdd80000-d2680000 rw-p 00000000 00:00 0 
d2680000-d9d00000 rw-p 00000000 00:00 0 
d9d00000-e2600000 rw-p 00000000 00:00 0 
e2600000-e2680000 rw-p 00000000 00:00 0 
e2680000-e2700000 rw-p 00000000 00:00 0 
e2700000-e2780000 rw-p 00000000 00:00 0 
e2780000-e2800000 rw-p 00000000 00:00 0 
e2800000-e2880000 rw-p 00000000 00:00 0 
e2880000-e2900000 rw-p 00000000 00:00 0 
e2900000-e2980000 rw-p 00000000 00:00 0 
e2980000-e2a00000 rw-p 00000000 00:00 0 
e2a00000-e2a80000 rw-p 00000000 00:00 0 
e2a80000-e2b00000 rw-p 00000000 00:00 0 
e2b00000-e2b80000 rw-p 00000000 00:00 0 
e2b80000-e2c00000 rw-p 00000000 00:00 0 
e2c00000-e2c80000 rw-p 00000000 00:00 0 
e2c80000-e2d00000 rw-p 00000000 00:00 0 
e2d00000-e2d80000 rw-p 00000000 00:00 0 
e2d80000-e2e00000 rw-p 00000000 00:00 0 
e2e00000-e2e80000 rw-p 00000000 00:00 0 
e2e80000-e2f00000 rw-p 00000000 00:00 0 
e2f00000-e2f80000 rw-p 00000000 00:00 0 
e2f80000-e3000000 rw-p 00000000 00:00 0 
e3000000-e3080000 rw-p 00000000 00:00 0 
e3080000-e3100000 rw-p 00000000 00:00 0 
e3100000-e3180000 rw-p 00000000 00:00 0 
e3180000-e3200000 rw-p 00000000 00:00 0 
e3200000-e3280000 rw-p 00000000 00:00 0 
e3280000-e3300000 rw-p 00000000 00:00 0 
e3300000-e3380000 rw-p 00000000 00:00 0 
ebf00000-ed300000 rw-p 00000000 00:00 0 
ed300000-ee200000 rw-p 00000000 00:00 0 
ee200000-ef780000 rw-p 00000000 00:00 0 
ef780000-f6e00000 rw-p 00000000 00:00 0 
f6e00000-f8780000 rw-p 00000000 00:00 0 
f8780000-fe800000 rw-p 00000000 00:00 0 
fe800000-ff880000 rw-p 00000000 00:00 0 
ff880000-100000000 rw-p 00000000 00:00 0 
7fb568000000-7fb568021000 rw-p 00000000 00:00 0 
7fb568021000-7fb56c000000 ---p 00000000 00:00 0 
7fb570000000-7fb570021000 rw-p 00000000 00:00 0 
7fb570021000-7fb574000000 ---p 00000000 00:00 0 
7fb574000000-7fb574021000 rw-p 00000000 00:00 0 
7fb574021000-7fb578000000 ---p 00000000 00:00 0 
7fb578000000-7fb578021000 rw-p 00000000 00:00 0 
7fb578021000-7fb57c000000 ---p 00000000 00:00 0 
7fb57c000000-7fb57c021000 rw-p 00000000 00:00 0 
7fb57c021000-7fb580000000 ---p 00000000 00:00 0 
7fb580000000-7fb580021000 rw-p 00000000 00:00 0 
7fb580021000-7fb584000000 ---p 00000000 00:00 0 
7fb584000000-7fb584021000 rw-p 00000000 00:00 0 
7fb584021000-7fb588000000 ---p 00000000 00:00 0 
7fb588000000-7fb58804a000 rw-p 00000000 00:00 0 
7fb58804a000-7fb58c000000 ---p 00000000 00:00 0 
7fb58c000000-7fb58c048000 rw-p 00000000 00:00 0 
7fb58c048000-7fb590000000 ---p 00000000 00:00 0 
7fb590000000-7fb59003c000 rw-p 00000000 00:00 0 
7fb59003c000-7fb594000000 ---p 00000000 00:00 0 
7fb594a80000-7fb594a81000 ---p 00000000 00:00 0 
7fb594a81000-7fb594b81000 rw-p 00000000 00:00 0                          [stack:21680]
7fb594b81000-7fb594b84000 ---p 00000000 00:00 0 
7fb594b84000-7fb594c82000 rw-p 00000000 00:00 0                          [stack:21679]
7fb594c82000-7fb594c85000 ---p 00000000 00:00 0 
7fb594c85000-7fb594d83000 rw-p 00000000 00:00 0                          [stack:21678]
7fb594d83000-7fb594d86000 ---p 00000000 00:00 0 
7fb594d86000-7fb594e84000 rw-p 00000000 00:00 0                          [stack:21677]
7fb594e84000-7fb594e87000 ---p 00000000 00:00 0 
7fb594e87000-7fb594f85000 rw-p 00000000 00:00 0                          [stack:21676]
7fb594f85000-7fb594ff8000 r--p 00000000 08:05 12866335                   /usr/lib/locale/locale-archive
7fb594ff8000-7fb594ffb000 ---p 00000000 00:00 0 
7fb594ffb000-7fb5950f9000 rw-p 00000000 00:00 0                          [stack:21675]
7fb5950f9000-7fb5950fc000 ---p 00000000 00:00 0 
7fb5950fc000-7fb5951fa000 rw-p 00000000 00:00 0                          [stack:21674]
7fb5951fa000-7fb5951fb000 ---p 00000000 00:00 0 
7fb5951fb000-7fb5952fb000 rw-p 00000000 00:00 0                          [stack:21673]
7fb5952fb000-7fb5953fc000 rw-p 00000000 00:00 0 
7fb5953fc000-7fb5954fd000 rw-p 00000000 00:00 0 
7fb5954fd000-7fb5955fe000 rw-p 00000000 00:00 0 
7fb5955fe000-7fb59561f000 rw-p 00000000 00:00 0 
7fb59561f000-7fb595720000 rw-p 00000000 00:00 0 
7fb595720000-7fb595741000 rw-p 00000000 00:00 0 
7fb595741000-7fb595842000 rw-p 00000000 00:00 0 
7fb595842000-7fb595863000 rw-p 00000000 00:00 0 
7fb595863000-7fb595964000 rw-p 00000000 00:00 0 
7fb595964000-7fb595a65000 rw-p 00000000 00:00 0 
7fb595a65000-7fb595b66000 rw-p 00000000 00:00 0 
7fb595b66000-7fb595c67000 rw-p 00000000 00:00 0 
7fb595c67000-7fb595caf000 rw-p 00000000 00:00 0 
7fb595caf000-7fb595e5d000 r--s 01cf4000 08:05 13249736                   /usr/lib/jvm/java-7-openjdk/jre/lib/rt.jar
7fb595e5d000-7fb595ed3000 rw-p 00000000 00:00 0 
7fb595ed3000-7fb596107000 rw-p 00000000 00:00 0 
7fb596107000-7fb598447000 rw-p 00000000 00:00 0 
7fb598447000-7fb598448000 ---p 00000000 00:00 0 
7fb598448000-7fb598548000 rw-p 00000000 00:00 0                          [stack:21671]
7fb598548000-7fb598549000 ---p 00000000 00:00 0 
7fb598549000-7fb598649000 rw-p 00000000 00:00 0                          [stack:21670]
7fb598649000-7fb59865d000 rw-p 00000000 00:00 0 
7fb59865d000-7fb598669000 rw-p 00000000 00:00 0 
7fb598669000-7fb598683000 rw-p 00000000 00:00 0 
7fb598683000-7fb598699000 rw-p 00000000 00:00 0 
7fb598699000-7fb5986be000 rw-p 00000000 00:00 0 
7fb5986be000-7fb5986f9000 rw-p 00000000 00:00 0 
7fb5986f9000-7fb59873d000 rw-p 00000000 00:00 0 
7fb59873d000-7fb59873e000 rw-p 00000000 00:00 0 
7fb59873e000-7fb59873f000 rw-p 00000000 00:00 0 
7fb59873f000-7fb598740000 rw-p 00000000 00:00 0 
7fb598740000-7fb598741000 rw-p 00000000 00:00 0 
7fb598741000-7fb598742000 rw-p 00000000 00:00 0 
7fb598742000-7fb598743000 rw-p 00000000 00:00 0 
7fb598743000-7fb598744000 rw-p 00000000 00:00 0 
7fb598744000-7fb59878a000 rw-p 00000000 00:00 0 
7fb59878a000-7fb598795000 rw-p 00000000 00:00 0 
7fb598795000-7fb5987dd000 rw-p 00000000 00:00 0 
7fb5987dd000-7fb5987f1000 rw-p 00000000 00:00 0 
7fb5987f1000-7fb5987fd000 rw-p 00000000 00:00 0 
7fb5987fd000-7fb598817000 rw-p 00000000 00:00 0 
7fb598817000-7fb59882d000 rw-p 00000000 00:00 0 
7fb59882d000-7fb598852000 rw-p 00000000 00:00 0 
7fb598852000-7fb59888d000 rw-p 00000000 00:00 0 
7fb59888d000-7fb5988d1000 rw-p 00000000 00:00 0 
7fb5988d1000-7fb5988d2000 rw-p 00000000 00:00 0 
7fb5988d2000-7fb5988d3000 rw-p 00000000 00:00 0 
7fb5988d3000-7fb5988d4000 rw-p 00000000 00:00 0 
7fb5988d4000-7fb5988d5000 rw-p 00000000 00:00 0 
7fb5988d5000-7fb5988d6000 rw-p 00000000 00:00 0 
7fb5988d6000-7fb5988d7000 rw-p 00000000 00:00 0 
7fb5988d7000-7fb5988d8000 rw-p 00000000 00:00 0 
7fb5988d8000-7fb59891d000 rw-p 00000000 00:00 0 
7fb59891d000-7fb598928000 rw-p 00000000 00:00 0 
7fb598928000-7fb59892f000 rw-p 00000000 00:00 0 
7fb59892f000-7fb59893a000 rw-p 00000000 00:00 0 
7fb59893a000-7fb598975000 rw-p 00000000 00:00 0 
7fb598975000-7fb598982000 rw-p 00000000 00:00 0 
7fb598982000-7fb5989b2000 rw-p 00000000 00:00 0 
7fb5989b2000-7fb5989bb000 rw-p 00000000 00:00 0 
7fb5989bb000-7fb5989be000 rw-p 00000000 00:00 0 
7fb5989be000-7fb5989bf000 rw-p 00000000 00:00 0 
7fb5989bf000-7fb598c2f000 rwxp 00000000 00:00 0 
7fb598c2f000-7fb59b9bf000 rw-p 00000000 00:00 0 
7fb59b9bf000-7fb59b9c7000 r-xp 00000000 08:05 13249787                   /usr/lib/jvm/java-7-openjdk/jre/lib/amd64/libzip.so
7fb59b9c7000-7fb59bbc6000 ---p 00008000 08:05 13249787                   /usr/lib/jvm/java-7-openjdk/jre/lib/amd64/libzip.so
7fb59bbc6000-7fb59bbc7000 rw-p 00007000 08:05 13249787                   /usr/lib/jvm/java-7-openjdk/jre/lib/amd64/libzip.so
7fb59bbc7000-7fb59bbd2000 r-xp 00000000 08:05 12848296                   /usr/lib/libnss_files-2.18.so
7fb59bbd2000-7fb59bdd2000 ---p 0000b000 08:05 12848296                   /usr/lib/libnss_files-2.18.so
7fb59bdd2000-7fb59bdd3000 r--p 0000b000 08:05 12848296                   /usr/lib/libnss_files-2.18.so
7fb59bdd3000-7fb59bdd4000 rw-p 0000c000 08:05 12848296                   /usr/lib/libnss_files-2.18.so
7fb59bdd4000-7fb59bdff000 r-xp 00000000 08:05 13249786                   /usr/lib/jvm/java-7-openjdk/jre/lib/amd64/libjava.so
7fb59bdff000-7fb59bffe000 ---p 0002b000 08:05 13249786                   /usr/lib/jvm/java-7-openjdk/jre/lib/amd64/libjava.so
7fb59bffe000-7fb59c000000 rw-p 0002a000 08:05 13249786                   /usr/lib/jvm/java-7-openjdk/jre/lib/amd64/libjava.so
7fb59c000000-7fb59c147000 rw-p 00000000 00:00 0 
7fb59c147000-7fb5a0000000 ---p 00000000 00:00 0 
7fb5a0001000-7fb5a005c000 rw-p 00000000 00:00 0 
7fb5a005c000-7fb5a0084000 rw-p 00000000 00:00 0 
7fb5a0084000-7fb5a008f000 rw-p 00000000 00:00 0 
7fb5a008f000-7fb5a00d7000 rw-p 00000000 00:00 0 
7fb5a00d7000-7fb5a00e4000 r-xp 00000000 08:05 13249764                   /usr/lib/jvm/java-7-openjdk/jre/lib/amd64/libverify.so
7fb5a00e4000-7fb5a02e3000 ---p 0000d000 08:05 13249764                   /usr/lib/jvm/java-7-openjdk/jre/lib/amd64/libverify.so
7fb5a02e3000-7fb5a02e5000 rw-p 0000c000 08:05 13249764                   /usr/lib/jvm/java-7-openjdk/jre/lib/amd64/libverify.so
7fb5a02e5000-7fb5a02ec000 r-xp 00000000 08:05 12848372                   /usr/lib/librt-2.18.so
7fb5a02ec000-7fb5a04eb000 ---p 00007000 08:05 12848372                   /usr/lib/librt-2.18.so
7fb5a04eb000-7fb5a04ec000 r--p 00006000 08:05 12848372                   /usr/lib/librt-2.18.so
7fb5a04ec000-7fb5a04ed000 rw-p 00007000 08:05 12848372                   /usr/lib/librt-2.18.so
7fb5a04ed000-7fb5a0502000 r-xp 00000000 08:05 12851343                   /usr/lib/libgcc_s.so.1
7fb5a0502000-7fb5a0702000 ---p 00015000 08:05 12851343                   /usr/lib/libgcc_s.so.1
7fb5a0702000-7fb5a0703000 rw-p 00015000 08:05 12851343                   /usr/lib/libgcc_s.so.1
7fb5a0703000-7fb5a0804000 r-xp 00000000 08:05 12848336                   /usr/lib/libm-2.18.so
7fb5a0804000-7fb5a0a04000 ---p 00101000 08:05 12848336                   /usr/lib/libm-2.18.so
7fb5a0a04000-7fb5a0a05000 r--p 00101000 08:05 12848336                   /usr/lib/libm-2.18.so
7fb5a0a05000-7fb5a0a06000 rw-p 00102000 08:05 12848336                   /usr/lib/libm-2.18.so
7fb5a0a06000-7fb5a0aec000 r-xp 00000000 08:05 12851352                   /usr/lib/libstdc++.so.6.0.19
7fb5a0aec000-7fb5a0ceb000 ---p 000e6000 08:05 12851352                   /usr/lib/libstdc++.so.6.0.19
7fb5a0ceb000-7fb5a0cf3000 r--p 000e5000 08:05 12851352                   /usr/lib/libstdc++.so.6.0.19
7fb5a0cf3000-7fb5a0cf5000 rw-p 000ed000 08:05 12851352                   /usr/lib/libstdc++.so.6.0.19
7fb5a0cf5000-7fb5a0d0a000 rw-p 00000000 00:00 0 
7fb5a0d0a000-7fb5a17eb000 r-xp 00000000 08:05 13249799                   /usr/lib/jvm/java-7-openjdk/jre/lib/amd64/server/libjvm.so
7fb5a17eb000-7fb5a19ea000 ---p 00ae1000 08:05 13249799                   /usr/lib/jvm/java-7-openjdk/jre/lib/amd64/server/libjvm.so
7fb5a19ea000-7fb5a1a9e000 rw-p 00ae0000 08:05 13249799                   /usr/lib/jvm/java-7-openjdk/jre/lib/amd64/server/libjvm.so
7fb5a1a9e000-7fb5a1acc000 rw-p 00000000 00:00 0 
7fb5a1acc000-7fb5a1ae1000 r-xp 00000000 08:05 12851388                   /usr/lib/libz.so.1.2.8
7fb5a1ae1000-7fb5a1ce0000 ---p 00015000 08:05 12851388                   /usr/lib/libz.so.1.2.8
7fb5a1ce0000-7fb5a1ce1000 r--p 00014000 08:05 12851388                   /usr/lib/libz.so.1.2.8
7fb5a1ce1000-7fb5a1ce2000 rw-p 00015000 08:05 12851388                   /usr/lib/libz.so.1.2.8
7fb5a1ce2000-7fb5a1e82000 r-xp 00000000 08:05 12848337                   /usr/lib/libc-2.18.so
7fb5a1e82000-7fb5a2082000 ---p 001a0000 08:05 12848337                   /usr/lib/libc-2.18.so
7fb5a2082000-7fb5a2086000 r--p 001a0000 08:05 12848337                   /usr/lib/libc-2.18.so
7fb5a2086000-7fb5a2088000 rw-p 001a4000 08:05 12848337                   /usr/lib/libc-2.18.so
7fb5a2088000-7fb5a208c000 rw-p 00000000 00:00 0 
7fb5a208c000-7fb5a208f000 r-xp 00000000 08:05 12848373                   /usr/lib/libdl-2.18.so
7fb5a208f000-7fb5a228e000 ---p 00003000 08:05 12848373                   /usr/lib/libdl-2.18.so
7fb5a228e000-7fb5a228f000 r--p 00002000 08:05 12848373                   /usr/lib/libdl-2.18.so
7fb5a228f000-7fb5a2290000 rw-p 00003000 08:05 12848373                   /usr/lib/libdl-2.18.so
7fb5a2290000-7fb5a229d000 r-xp 00000000 08:05 13249802                   /usr/lib/jvm/java-7-openjdk/jre/lib/amd64/jli/libjli.so
7fb5a229d000-7fb5a249c000 ---p 0000d000 08:05 13249802                   /usr/lib/jvm/java-7-openjdk/jre/lib/amd64/jli/libjli.so
7fb5a249c000-7fb5a249d000 rw-p 0000c000 08:05 13249802                   /usr/lib/jvm/java-7-openjdk/jre/lib/amd64/jli/libjli.so
7fb5a249d000-7fb5a24b5000 r-xp 00000000 08:05 12848303                   /usr/lib/libpthread-2.18.so
7fb5a24b5000-7fb5a26b4000 ---p 00018000 08:05 12848303                   /usr/lib/libpthread-2.18.so
7fb5a26b4000-7fb5a26b5000 r--p 00017000 08:05 12848303                   /usr/lib/libpthread-2.18.so
7fb5a26b5000-7fb5a26b6000 rw-p 00018000 08:05 12848303                   /usr/lib/libpthread-2.18.so
7fb5a26b6000-7fb5a26ba000 rw-p 00000000 00:00 0 
7fb5a26ba000-7fb5a26da000 r-xp 00000000 08:05 12848320                   /usr/lib/ld-2.18.so
7fb5a26e7000-7fb5a26fe000 rw-p 00000000 00:00 0 
7fb5a26fe000-7fb5a2708000 rw-p 00000000 00:00 0 
7fb5a2708000-7fb5a27be000 rw-p 00000000 00:00 0 
7fb5a27be000-7fb5a27c1000 ---p 00000000 00:00 0 
7fb5a27c1000-7fb5a28bf000 rw-p 00000000 00:00 0                          [stack:21669]
7fb5a28bf000-7fb5a28c0000 rw-p 00000000 00:00 0 
7fb5a28c0000-7fb5a28c1000 rw-p 00000000 00:00 0 
7fb5a28c1000-7fb5a28c2000 rw-p 00000000 00:00 0 
7fb5a28c2000-7fb5a28c3000 rw-p 00000000 00:00 0 
7fb5a28ca000-7fb5a28cb000 rw-p 00000000 00:00 0 
7fb5a28cb000-7fb5a28ce000 r--s 0000f000 08:05 13249757                   /usr/lib/jvm/java-7-openjdk/jre/lib/ext/pulse-java.jar
7fb5a28ce000-7fb5a28d6000 rw-s 00000000 00:1f 983640                     /tmp/hsperfdata_bjarki/21668
7fb5a28d6000-7fb5a28d7000 rw-p 00000000 00:00 0 
7fb5a28d7000-7fb5a28d8000 ---p 00000000 00:00 0 
7fb5a28d8000-7fb5a28d9000 rw-p 00000000 00:00 0 
7fb5a28d9000-7fb5a28da000 r--p 0001f000 08:05 12848320                   /usr/lib/ld-2.18.so
7fb5a28da000-7fb5a28db000 rw-p 00020000 08:05 12848320                   /usr/lib/ld-2.18.so
7fb5a28db000-7fb5a28dc000 rw-p 00000000 00:00 0 
7ffffd5e7000-7ffffd608000 rw-p 00000000 00:00 0                          [stack]
7ffffd755000-7ffffd757000 r-xp 00000000 00:00 0                          [vdso]
ffffffffff600000-ffffffffff601000 r-xp 00000000 00:00 0                  [vsyscall]

VM Arguments:
java_command: Measure
Launcher Type: SUN_STANDARD

Environment Variables:
PATH=/usr/local/sbin:/usr/local/bin:/usr/bin:/usr/bin/vendor_perl:/usr/bin/core_perl
SHELL=/bin/bash
DISPLAY=:0

Signal Handlers:
SIGSEGV: [libjvm.so+0x918960], sa_mask[0]=0x7ffbfeff, sa_flags=0x10000004
SIGBUS: [libjvm.so+0x918960], sa_mask[0]=0x7ffbfeff, sa_flags=0x10000004
SIGFPE: [libjvm.so+0x796090], sa_mask[0]=0x7ffbfeff, sa_flags=0x10000004
SIGPIPE: [libjvm.so+0x796090], sa_mask[0]=0x7ffbfeff, sa_flags=0x10000004
SIGXFSZ: [libjvm.so+0x796090], sa_mask[0]=0x7ffbfeff, sa_flags=0x10000004
SIGILL: [libjvm.so+0x796090], sa_mask[0]=0x7ffbfeff, sa_flags=0x10000004
SIGUSR1: SIG_DFL, sa_mask[0]=0x00000000, sa_flags=0x00000000
SIGUSR2: [libjvm.so+0x795f30], sa_mask[0]=0x00000000, sa_flags=0x10000004
SIGHUP: [libjvm.so+0x796110], sa_mask[0]=0x7ffbfeff, sa_flags=0x10000004
SIGINT: [libjvm.so+0x796110], sa_mask[0]=0x7ffbfeff, sa_flags=0x10000004
SIGTERM: [libjvm.so+0x796110], sa_mask[0]=0x7ffbfeff, sa_flags=0x10000004
SIGQUIT: [libjvm.so+0x796110], sa_mask[0]=0x7ffbfeff, sa_flags=0x10000004


---------------  S Y S T E M  ---------------

OS:Linux
uname:Linux 3.12.8-1-ARCH #1 SMP PREEMPT Thu Jan 16 09:16:34 CET 2014 x86_64
libc:glibc 2.18 NPTL 2.18 
rlimit: STACK 8192k, CORE 0k, NPROC 30730, NOFILE 4096, AS infinity
load average:3,93 1,24 0,67

/proc/meminfo:
MemTotal:        3939144 kB
MemFree:          132600 kB
Buffers:             808 kB
Cached:           181988 kB
SwapCached:            0 kB
Active:          3446492 kB
Inactive:         175760 kB
Active(anon):    3442548 kB
Inactive(anon):   108592 kB
Active(file):       3944 kB
Inactive(file):    67168 kB
Unevictable:           0 kB
Mlocked:               0 kB
SwapTotal:             0 kB
SwapFree:              0 kB
Dirty:                84 kB
Writeback:             0 kB
AnonPages:       3439840 kB
Mapped:            95948 kB
Shmem:            111300 kB
Slab:              41964 kB
SReclaimable:      15468 kB
SUnreclaim:        26496 kB
KernelStack:        2904 kB
PageTables:        49964 kB
NFS_Unstable:          0 kB
Bounce:                0 kB
WritebackTmp:          0 kB
CommitLimit:     1969572 kB
Committed_AS:    6809308 kB
VmallocTotal:   34359738367 kB
VmallocUsed:      556840 kB
VmallocChunk:   34359115272 kB
HardwareCorrupted:     0 kB
AnonHugePages:    147456 kB
HugePages_Total:       0
HugePages_Free:        0
HugePages_Rsvd:        0
HugePages_Surp:        0
Hugepagesize:       2048 kB
DirectMap4k:       14536 kB
DirectMap2M:     4067328 kB


CPU:total 2 (2 cores per cpu, 1 threads per core) family 6 model 42 stepping 7, cmov, cx8, fxsr, mmx, sse, sse2, sse3, ssse3, sse4.1, sse4.2, popcnt, tsc, tscinvbit

/proc/cpuinfo:
processor	: 0
vendor_id	: GenuineIntel
cpu family	: 6
model		: 42
model name	: Intel(R) Celeron(R) CPU B815 @ 1.60GHz
stepping	: 7
microcode	: 0x26
cpu MHz		: 1083.000
cache size	: 2048 KB
physical id	: 0
siblings	: 2
core id		: 0
cpu cores	: 2
apicid		: 0
initial apicid	: 0
fpu		: yes
fpu_exception	: yes
cpuid level	: 13
wp		: yes
flags		: fpu vme de pse tsc msr pae mce cx8 apic sep mtrr pge mca cmov pat pse36 clflush dts acpi mmx fxsr sse sse2 ss ht tm pbe syscall nx rdtscp lm constant_tsc arch_perfmon pebs bts rep_good nopl xtopology nonstop_tsc aperfmperf eagerfpu pni pclmulqdq dtes64 monitor ds_cpl vmx est tm2 ssse3 cx16 xtpr pdcm pcid sse4_1 sse4_2 x2apic popcnt tsc_deadline_timer xsave lahf_lm arat epb xsaveopt pln pts dtherm tpr_shadow vnmi flexpriority ept vpid
bogomips	: 3193.48
clflush size	: 64
cache_alignment	: 64
address sizes	: 36 bits physical, 48 bits virtual
power management:

processor	: 1
vendor_id	: GenuineIntel
cpu family	: 6
model		: 42
model name	: Intel(R) Celeron(R) CPU B815 @ 1.60GHz
stepping	: 7
microcode	: 0x26
cpu MHz		: 978.562
cache size	: 2048 KB
physical id	: 0
siblings	: 2
core id		: 1
cpu cores	: 2
apicid		: 2
initial apicid	: 2
fpu		: yes
fpu_exception	: yes
cpuid level	: 13
wp		: yes
flags		: fpu vme de pse tsc msr pae mce cx8 apic sep mtrr pge mca cmov pat pse36 clflush dts acpi mmx fxsr sse sse2 ss ht tm pbe syscall nx rdtscp lm constant_tsc arch_perfmon pebs bts rep_good nopl xtopology nonstop_tsc aperfmperf eagerfpu pni pclmulqdq dtes64 monitor ds_cpl vmx est tm2 ssse3 cx16 xtpr pdcm pcid sse4_1 sse4_2 x2apic popcnt tsc_deadline_timer xsave lahf_lm arat epb xsaveopt pln pts dtherm tpr_shadow vnmi flexpriority ept vpid
bogomips	: 3193.48
clflush size	: 64
cache_alignment	: 64
address sizes	: 36 bits physical, 48 bits virtual
power management:



Memory: 4k page, physical 3939144k(132600k free), swap 0k(0k free)

vm_info: OpenJDK 64-Bit Server VM (24.45-b08) for linux-amd64 JRE (1.7.0_51-b00), built on Jan 16 2014 12:40:49 by "nobody" with gcc 4.8.2 20131219 (prerelease)

time: Sun Jan 26 15:48:49 2014
elapsed time: 9 seconds

